-------------------------------------------------------------------------------
Test set: test.entity.TestCreate
-------------------------------------------------------------------------------
Tests run: 1, Failures: 0, Errors: 1, Skipped: 0, Time elapsed: 1.126 sec <<< FAILURE!
testCreate(test.entity.TestCreate)  Time elapsed: 1.1 sec  <<< ERROR!
org.hibernate.PropertyAccessException: IllegalArgumentException occurred calling getter of test.entity.B.a
	at org.hibernate.property.BasicPropertyAccessor$BasicGetter.get(BasicPropertyAccessor.java:198)
	at org.hibernate.tuple.entity.AbstractEntityTuplizer.getPropertyValue(AbstractEntityTuplizer.java:506)
	at org.hibernate.tuple.entity.AbstractEntityTuplizer.getPropertyValue(AbstractEntityTuplizer.java:524)
	at org.hibernate.persister.entity.AbstractEntityPersister.getPropertyValue(AbstractEntityPersister.java:3844)
	at org.hibernate.engine.StatefulPersistenceContext.isFoundInParent(StatefulPersistenceContext.java:1232)
	at org.hibernate.engine.StatefulPersistenceContext.getOwnerId(StatefulPersistenceContext.java:1142)
	at org.hibernate.property.BackrefPropertyAccessor$BackrefGetter.getForInsert(BackrefPropertyAccessor.java:139)
	at org.hibernate.tuple.entity.AbstractEntityTuplizer.getPropertyValuesToInsert(AbstractEntityTuplizer.java:500)
	at org.hibernate.tuple.entity.PojoEntityTuplizer.getPropertyValuesToInsert(PojoEntityTuplizer.java:255)
	at org.hibernate.persister.entity.AbstractEntityPersister.getPropertyValuesToInsert(AbstractEntityPersister.java:3952)
	at org.hibernate.event.def.AbstractSaveEventListener.performSaveOrReplicate(AbstractSaveEventListener.java:290)
	at org.hibernate.event.def.AbstractSaveEventListener.performSave(AbstractSaveEventListener.java:204)
	at org.hibernate.event.def.AbstractSaveEventListener.saveWithGeneratedId(AbstractSaveEventListener.java:144)
	at org.hibernate.event.def.DefaultSaveOrUpdateEventListener.saveWithGeneratedOrRequestedId(DefaultSaveOrUpdateEventListener.java:210)
	at org.hibernate.event.def.DefaultSaveOrUpdateEventListener.entityIsTransient(DefaultSaveOrUpdateEventListener.java:195)
	at org.hibernate.event.def.DefaultSaveOrUpdateEventListener.performSaveOrUpdate(DefaultSaveOrUpdateEventListener.java:117)
	at org.hibernate.event.def.DefaultSaveOrUpdateEventListener.onSaveOrUpdate(DefaultSaveOrUpdateEventListener.java:93)
	at org.hibernate.impl.SessionImpl.fireSaveOrUpdate(SessionImpl.java:677)
	at org.hibernate.impl.SessionImpl.saveOrUpdate(SessionImpl.java:669)
	at org.hibernate.engine.CascadingAction$5.cascade(CascadingAction.java:252)
	at org.hibernate.engine.Cascade.cascadeToOne(Cascade.java:392)
	at org.hibernate.engine.Cascade.cascadeAssociation(Cascade.java:335)
	at org.hibernate.engine.Cascade.cascadeProperty(Cascade.java:204)
	at org.hibernate.engine.Cascade.cascadeCollectionElements(Cascade.java:425)
	at org.hibernate.engine.Cascade.cascadeCollection(Cascade.java:362)
	at org.hibernate.engine.Cascade.cascadeAssociation(Cascade.java:338)
	at org.hibernate.engine.Cascade.cascadeProperty(Cascade.java:204)
	at org.hibernate.engine.Cascade.cascade(Cascade.java:161)
	at org.hibernate.event.def.AbstractSaveEventListener.cascadeAfterSave(AbstractSaveEventListener.java:476)
	at org.hibernate.event.def.AbstractSaveEventListener.performSaveOrReplicate(AbstractSaveEventListener.java:354)
	at org.hibernate.event.def.AbstractSaveEventListener.performSave(AbstractSaveEventListener.java:204)
	at org.hibernate.event.def.AbstractSaveEventListener.saveWithGeneratedId(AbstractSaveEventListener.java:144)
	at org.hibernate.event.def.DefaultSaveOrUpdateEventListener.saveWithGeneratedOrRequestedId(DefaultSaveOrUpdateEventListener.java:210)
	at org.hibernate.event.def.DefaultSaveEventListener.saveWithGeneratedOrRequestedId(DefaultSaveEventListener.java:56)
	at org.hibernate.event.def.DefaultSaveOrUpdateEventListener.entityIsTransient(DefaultSaveOrUpdateEventListener.java:195)
	at org.hibernate.event.def.DefaultSaveEventListener.performSaveOrUpdate(DefaultSaveEventListener.java:50)
	at org.hibernate.event.def.DefaultSaveOrUpdateEventListener.onSaveOrUpdate(DefaultSaveOrUpdateEventListener.java:93)
	at org.hibernate.impl.SessionImpl.fireSave(SessionImpl.java:705)
	at org.hibernate.impl.SessionImpl.save(SessionImpl.java:693)
	at org.hibernate.impl.SessionImpl.save(SessionImpl.java:689)
	at test.entity.TestCreate.testCreate(TestCreate.java:31)
	at sun.reflect.NativeMethodAccessorImpl.invoke0(Native Method)
	at sun.reflect.NativeMethodAccessorImpl.invoke(NativeMethodAccessorImpl.java:39)
	at sun.reflect.DelegatingMethodAccessorImpl.invoke(DelegatingMethodAccessorImpl.java:25)
	at java.lang.reflect.Method.invoke(Method.java:597)
	at org.junit.runners.model.FrameworkMethod$1.runReflectiveCall(FrameworkMethod.java:44)
	at org.junit.internal.runners.model.ReflectiveCallable.run(ReflectiveCallable.java:15)
	at org.junit.runners.model.FrameworkMethod.invokeExplosively(FrameworkMethod.java:41)
	at org.junit.internal.runners.statements.InvokeMethod.evaluate(InvokeMethod.java:20)
	at org.junit.internal.runners.statements.RunBefores.evaluate(RunBefores.java:28)
	at org.junit.internal.runners.statements.RunAfters.evaluate(RunAfters.java:31)
	at org.junit.runners.BlockJUnit4ClassRunner.runChild(BlockJUnit4ClassRunner.java:73)
	at org.junit.runners.BlockJUnit4ClassRunner.runChild(BlockJUnit4ClassRunner.java:46)
	at org.junit.runners.ParentRunner.runChildren(ParentRunner.java:180)
	at org.junit.runners.ParentRunner.access$000(ParentRunner.java:41)
	at org.junit.runners.ParentRunner$1.evaluate(ParentRunner.java:173)
	at org.junit.internal.runners.statements.RunBefores.evaluate(RunBefores.java:28)
	at org.junit.internal.runners.statements.RunAfters.evaluate(RunAfters.java:31)
	at org.junit.runners.ParentRunner.run(ParentRunner.java:220)
	at org.apache.maven.surefire.junit4.JUnit4TestSet.execute(JUnit4TestSet.java:62)
	at org.apache.maven.surefire.suite.AbstractDirectoryTestSuite.executeTestSet(AbstractDirectoryTestSuite.java:140)
	at org.apache.maven.surefire.suite.AbstractDirectoryTestSuite.execute(AbstractDirectoryTestSuite.java:127)
	at org.apache.maven.surefire.Surefire.run(Surefire.java:177)
	at sun.reflect.NativeMethodAccessorImpl.invoke0(Native Method)
	at sun.reflect.NativeMethodAccessorImpl.invoke(NativeMethodAccessorImpl.java:39)
	at sun.reflect.DelegatingMethodAccessorImpl.invoke(DelegatingMethodAccessorImpl.java:25)
	at java.lang.reflect.Method.invoke(Method.java:597)
	at org.apache.maven.surefire.booter.SurefireBooter.runSuitesInProcess(SurefireBooter.java:345)
	at org.apache.maven.surefire.booter.SurefireBooter.main(SurefireBooter.java:1009)
Caused by: java.lang.IllegalArgumentException: object is not an instance of declaring class
	at sun.reflect.NativeMethodAccessorImpl.invoke0(Native Method)
	at sun.reflect.NativeMethodAccessorImpl.invoke(NativeMethodAccessorImpl.java:39)
	at sun.reflect.DelegatingMethodAccessorImpl.invoke(DelegatingMethodAccessorImpl.java:25)
	at java.lang.reflect.Method.invoke(Method.java:597)
	at org.hibernate.property.BasicPropertyAccessor$BasicGetter.get(BasicPropertyAccessor.java:172)
	... 68 more

