<?xml version="1.0" encoding="UTF-8" ?>
<testsuite errors="2" tests="2" time="0.156" failures="0" name="SessionCloseTest">
  <properties>
    <property value="Java(TM) 2 Runtime Environment, Standard Edition" name="java.runtime.name"/>
    <property value="d:\j2sdk1.4.2_10\jre\bin" name="sun.boot.library.path"/>
    <property value="1.4.2_10-b03" name="java.vm.version"/>
    <property value="Sun Microsystems Inc." name="java.vm.vendor"/>
    <property value="http://java.sun.com/" name="java.vendor.url"/>
    <property value=";" name="path.separator"/>
    <property value="Java HotSpot(TM) Client VM" name="java.vm.name"/>
    <property value="sun.io" name="file.encoding.pkg"/>
    <property value="GB" name="user.country"/>
    <property value="Service Pack 2" name="sun.os.patch.level"/>
    <property value="Java Virtual Machine Specification" name="java.vm.specification.name"/>
    <property value="d:\dev\closesessiontest" name="user.dir"/>
    <property value="1.4.2_10-b03" name="java.runtime.version"/>
    <property value="sun.awt.Win32GraphicsEnvironment" name="java.awt.graphicsenv"/>
    <property value="d:\dev\closesessiontest" name="basedir"/>
    <property value="d:\j2sdk1.4.2_10\jre\lib\endorsed" name="java.endorsed.dirs"/>
    <property value="x86" name="os.arch"/>
    <property value="c:\DOCUME~1\AFLETC~1\LOCALS~1\Temp\" name="java.io.tmpdir"/>
    <property value="
" name="line.separator"/>
    <property value="Sun Microsystems Inc." name="java.vm.specification.vendor"/>
    <property value="" name="user.variant"/>
    <property value="Windows XP" name="os.name"/>
    <property value="" name="sun.java2d.fontpath"/>
    <property value="d:\dev\maven-2.0.2/bin/m2.conf" name="classworlds.conf"/>
    <property value="d:\j2sdk1.4.2_10\bin;.;C:\WINDOWS\system32;C:\WINDOWS;d:\j2sdk1.4.2_10\bin;d:\dev\cygwin\usr\local\bin;d:\dev\cygwin\bin;d:\dev\cygwin\bin;d:\dev\cygwin\usr\X11R6\bin;d:\oracle10g\product\10.2.0\db_1\bin;c:\WINDOWS\system32;c:\WINDOWS;c:\WINDOWS\System32\Wbem;c:\Program Files\ATI Technologies\ATI Control Panel;c:\Program Files\Perforce;.\;d:\dev\maven-2.0.2\bin;c:\Documents and Settings\afletcher\bin" name="java.library.path"/>
    <property value="Java Platform API Specification" name="java.specification.name"/>
    <property value="48.0" name="java.class.version"/>
    <property value="java.util.prefs.WindowsPreferencesFactory" name="java.util.prefs.PreferencesFactory"/>
    <property value="5.1" name="os.version"/>
    <property value="C:\Documents and Settings\afletcher" name="user.home"/>
    <property value="Europe/London" name="user.timezone"/>
    <property value="sun.awt.windows.WPrinterJob" name="java.awt.printerjob"/>
    <property value="Cp1252" name="file.encoding"/>
    <property value="1.4" name="java.specification.version"/>
    <property value="afletcher" name="user.name"/>
    <property value="d:\dev\maven-2.0.2/core/boot/classworlds-1.1.jar" name="java.class.path"/>
    <property value="1.0" name="java.vm.specification.version"/>
    <property value="32" name="sun.arch.data.model"/>
    <property value="d:\j2sdk1.4.2_10\jre" name="java.home"/>
    <property value="Sun Microsystems Inc." name="java.specification.vendor"/>
    <property value="en" name="user.language"/>
    <property value="sun.awt.windows.WToolkit" name="awt.toolkit"/>
    <property value="mixed mode" name="java.vm.info"/>
    <property value="1.4.2_10" name="java.version"/>
    <property value="d:\j2sdk1.4.2_10\jre\lib\ext" name="java.ext.dirs"/>
    <property value="d:\j2sdk1.4.2_10\jre\lib\rt.jar;d:\j2sdk1.4.2_10\jre\lib\i18n.jar;d:\j2sdk1.4.2_10\jre\lib\sunrsasign.jar;d:\j2sdk1.4.2_10\jre\lib\jsse.jar;d:\j2sdk1.4.2_10\jre\lib\jce.jar;d:\j2sdk1.4.2_10\jre\lib\charsets.jar;d:\j2sdk1.4.2_10\jre\classes" name="sun.boot.class.path"/>
    <property value="Sun Microsystems Inc." name="java.vendor"/>
    <property value="d:\dev\maven-2.0.2" name="maven.home"/>
    <property value="C:\Documents and Settings\afletcher\.m2\repository" name="localRepository"/>
    <property value="\" name="file.separator"/>
    <property value="http://java.sun.com/cgi-bin/bugreport.cgi" name="java.vendor.url.bug"/>
    <property value="little" name="sun.cpu.endian"/>
    <property value="UnicodeLittle" name="sun.io.unicode.encoding"/>
    <property value="pentium i486 i386" name="sun.cpu.isalist"/>
  </properties>
  <testcase time="0.141" name="testSessionClose">
    <error type="org.hibernate.SessionException" message="Session was already closed">org.hibernate.SessionException: Session was already closed
	at org.hibernate.impl.SessionImpl.close(SessionImpl.java:294)
	at sun.reflect.NativeMethodAccessorImpl.invoke0(Native Method)
	at sun.reflect.NativeMethodAccessorImpl.invoke(NativeMethodAccessorImpl.java:39)
	at sun.reflect.DelegatingMethodAccessorImpl.invoke(DelegatingMethodAccessorImpl.java:25)
	at java.lang.reflect.Method.invoke(Method.java:324)
	at org.hibernate.context.ThreadLocalSessionContext$TransactionProtectionWrapper.invoke(ThreadLocalSessionContext.java:292)
	at $Proxy1.close(Unknown Source)
	at SessionCloseTest.testSessionClose(SessionCloseTest.java:28)
	at sun.reflect.NativeMethodAccessorImpl.invoke0(Native Method)
	at sun.reflect.NativeMethodAccessorImpl.invoke(NativeMethodAccessorImpl.java:39)
	at sun.reflect.DelegatingMethodAccessorImpl.invoke(DelegatingMethodAccessorImpl.java:25)
	at java.lang.reflect.Method.invoke(Method.java:324)
	at junit.framework.TestCase.runTest(TestCase.java:154)
	at junit.framework.TestCase.runBare(TestCase.java:127)
	at junit.framework.TestResult$1.protect(TestResult.java:106)
	at junit.framework.TestResult.runProtected(TestResult.java:124)
	at junit.framework.TestResult.run(TestResult.java:109)
	at junit.framework.TestCase.run(TestCase.java:118)
	at junit.framework.TestSuite.runTest(TestSuite.java:208)
	at junit.framework.TestSuite.run(TestSuite.java:203)
	at sun.reflect.NativeMethodAccessorImpl.invoke0(Native Method)
	at sun.reflect.NativeMethodAccessorImpl.invoke(NativeMethodAccessorImpl.java:39)
	at sun.reflect.DelegatingMethodAccessorImpl.invoke(DelegatingMethodAccessorImpl.java:25)
	at java.lang.reflect.Method.invoke(Method.java:324)
	at org.apache.maven.surefire.battery.JUnitBattery.executeJUnit(JUnitBattery.java:242)
	at org.apache.maven.surefire.battery.JUnitBattery.execute(JUnitBattery.java:216)
	at org.apache.maven.surefire.Surefire.executeBattery(Surefire.java:215)
	at org.apache.maven.surefire.Surefire.run(Surefire.java:163)
	at org.apache.maven.surefire.Surefire.run(Surefire.java:87)
	at sun.reflect.NativeMethodAccessorImpl.invoke0(Native Method)
	at sun.reflect.NativeMethodAccessorImpl.invoke(NativeMethodAccessorImpl.java:39)
	at sun.reflect.DelegatingMethodAccessorImpl.invoke(DelegatingMethodAccessorImpl.java:25)
	at java.lang.reflect.Method.invoke(Method.java:324)
	at org.apache.maven.surefire.SurefireBooter.runTestsInProcess(SurefireBooter.java:285)
	at org.apache.maven.surefire.SurefireBooter.run(SurefireBooter.java:201)
	at org.apache.maven.test.SurefirePlugin.execute(SurefirePlugin.java:366)
	at org.apache.maven.plugin.DefaultPluginManager.executeMojo(DefaultPluginManager.java:415)
	at org.apache.maven.lifecycle.DefaultLifecycleExecutor.executeGoals(DefaultLifecycleExecutor.java:531)
	at org.apache.maven.lifecycle.DefaultLifecycleExecutor.executeGoalWithLifecycle(DefaultLifecycleExecutor.java:472)
	at org.apache.maven.lifecycle.DefaultLifecycleExecutor.executeGoal(DefaultLifecycleExecutor.java:451)
	at org.apache.maven.lifecycle.DefaultLifecycleExecutor.executeGoalAndHandleFailures(DefaultLifecycleExecutor.java:303)
	at org.apache.maven.lifecycle.DefaultLifecycleExecutor.executeTaskSegments(DefaultLifecycleExecutor.java:270)
	at org.apache.maven.lifecycle.DefaultLifecycleExecutor.execute(DefaultLifecycleExecutor.java:139)
	at org.apache.maven.DefaultMaven.doExecute(DefaultMaven.java:322)
	at org.apache.maven.DefaultMaven.execute(DefaultMaven.java:115)
	at org.apache.maven.cli.MavenCli.main(MavenCli.java:249)
	at sun.reflect.NativeMethodAccessorImpl.invoke0(Native Method)
	at sun.reflect.NativeMethodAccessorImpl.invoke(NativeMethodAccessorImpl.java:39)
	at sun.reflect.DelegatingMethodAccessorImpl.invoke(DelegatingMethodAccessorImpl.java:25)
	at java.lang.reflect.Method.invoke(Method.java:324)
	at org.codehaus.classworlds.Launcher.launchEnhanced(Launcher.java:315)
	at org.codehaus.classworlds.Launcher.launch(Launcher.java:255)
	at org.codehaus.classworlds.Launcher.mainWithExitCode(Launcher.java:430)
	at org.codehaus.classworlds.Launcher.main(Launcher.java:375)
</error>
  </testcase>
  <testcase time="0" name="testSessionCloseWithIsOpenCheck">
    <error type="org.hibernate.SessionException" message="Session is closed!">org.hibernate.SessionException: Session is closed!
	at org.hibernate.impl.AbstractSessionImpl.errorIfClosed(AbstractSessionImpl.java:50)
	at org.hibernate.impl.SessionImpl.getTransaction(SessionImpl.java:1297)
	at org.hibernate.context.ThreadLocalSessionContext$TransactionProtectionWrapper.invoke(ThreadLocalSessionContext.java:274)
	at $Proxy1.isOpen(Unknown Source)
	at SessionCloseTest.testSessionCloseWithIsOpenCheck(SessionCloseTest.java:47)
	at sun.reflect.NativeMethodAccessorImpl.invoke0(Native Method)
	at sun.reflect.NativeMethodAccessorImpl.invoke(NativeMethodAccessorImpl.java:39)
	at sun.reflect.DelegatingMethodAccessorImpl.invoke(DelegatingMethodAccessorImpl.java:25)
	at java.lang.reflect.Method.invoke(Method.java:324)
	at junit.framework.TestCase.runTest(TestCase.java:154)
	at junit.framework.TestCase.runBare(TestCase.java:127)
	at junit.framework.TestResult$1.protect(TestResult.java:106)
	at junit.framework.TestResult.runProtected(TestResult.java:124)
	at junit.framework.TestResult.run(TestResult.java:109)
	at junit.framework.TestCase.run(TestCase.java:118)
	at junit.framework.TestSuite.runTest(TestSuite.java:208)
	at junit.framework.TestSuite.run(TestSuite.java:203)
	at sun.reflect.NativeMethodAccessorImpl.invoke0(Native Method)
	at sun.reflect.NativeMethodAccessorImpl.invoke(NativeMethodAccessorImpl.java:39)
	at sun.reflect.DelegatingMethodAccessorImpl.invoke(DelegatingMethodAccessorImpl.java:25)
	at java.lang.reflect.Method.invoke(Method.java:324)
	at org.apache.maven.surefire.battery.JUnitBattery.executeJUnit(JUnitBattery.java:242)
	at org.apache.maven.surefire.battery.JUnitBattery.execute(JUnitBattery.java:216)
	at org.apache.maven.surefire.Surefire.executeBattery(Surefire.java:215)
	at org.apache.maven.surefire.Surefire.run(Surefire.java:163)
	at org.apache.maven.surefire.Surefire.run(Surefire.java:87)
	at sun.reflect.NativeMethodAccessorImpl.invoke0(Native Method)
	at sun.reflect.NativeMethodAccessorImpl.invoke(NativeMethodAccessorImpl.java:39)
	at sun.reflect.DelegatingMethodAccessorImpl.invoke(DelegatingMethodAccessorImpl.java:25)
	at java.lang.reflect.Method.invoke(Method.java:324)
	at org.apache.maven.surefire.SurefireBooter.runTestsInProcess(SurefireBooter.java:285)
	at org.apache.maven.surefire.SurefireBooter.run(SurefireBooter.java:201)
	at org.apache.maven.test.SurefirePlugin.execute(SurefirePlugin.java:366)
	at org.apache.maven.plugin.DefaultPluginManager.executeMojo(DefaultPluginManager.java:415)
	at org.apache.maven.lifecycle.DefaultLifecycleExecutor.executeGoals(DefaultLifecycleExecutor.java:531)
	at org.apache.maven.lifecycle.DefaultLifecycleExecutor.executeGoalWithLifecycle(DefaultLifecycleExecutor.java:472)
	at org.apache.maven.lifecycle.DefaultLifecycleExecutor.executeGoal(DefaultLifecycleExecutor.java:451)
	at org.apache.maven.lifecycle.DefaultLifecycleExecutor.executeGoalAndHandleFailures(DefaultLifecycleExecutor.java:303)
	at org.apache.maven.lifecycle.DefaultLifecycleExecutor.executeTaskSegments(DefaultLifecycleExecutor.java:270)
	at org.apache.maven.lifecycle.DefaultLifecycleExecutor.execute(DefaultLifecycleExecutor.java:139)
	at org.apache.maven.DefaultMaven.doExecute(DefaultMaven.java:322)
	at org.apache.maven.DefaultMaven.execute(DefaultMaven.java:115)
	at org.apache.maven.cli.MavenCli.main(MavenCli.java:249)
	at sun.reflect.NativeMethodAccessorImpl.invoke0(Native Method)
	at sun.reflect.NativeMethodAccessorImpl.invoke(NativeMethodAccessorImpl.java:39)
	at sun.reflect.DelegatingMethodAccessorImpl.invoke(DelegatingMethodAccessorImpl.java:25)
	at java.lang.reflect.Method.invoke(Method.java:324)
	at org.codehaus.classworlds.Launcher.launchEnhanced(Launcher.java:315)
	at org.codehaus.classworlds.Launcher.launch(Launcher.java:255)
	at org.codehaus.classworlds.Launcher.mainWithExitCode(Launcher.java:430)
	at org.codehaus.classworlds.Launcher.main(Launcher.java:375)
</error>
  </testcase>
</testsuite>