<?xml version="1.0" encoding="UTF-8" ?>
<testsuite errors="2" tests="2" time="0.156" failures="0" name="SessionCloseTest">
  <properties>
[...]
</properties>
  <testcase time="0.141" name="testSessionClose">
    <error type="org.hibernate.SessionException" message="Session was already closed">org.hibernate.SessionException: Session was already closed
	at org.hibernate.impl.SessionImpl.close(SessionImpl.java:294)
	at sun.reflect.NativeMethodAccessorImpl.invoke0(Native Method)
	at sun.reflect.NativeMethodAccessorImpl.invoke(NativeMethodAccessorImpl.java:39)
	at sun.reflect.DelegatingMethodAccessorImpl.invoke(DelegatingMethodAccessorImpl.java:25)
	at java.lang.reflect.Method.invoke(Method.java:324)
	at org.hibernate.context.ThreadLocalSessionContext$TransactionProtectionWrapper.invoke(ThreadLocalSessionContext.java:292)
	at $Proxy1.close(Unknown Source)
	at SessionCloseTest.testSessionClose(SessionCloseTest.java:28)
	at sun.reflect.NativeMethodAccessorImpl.invoke0(Native Method)
	at sun.reflect.NativeMethodAccessorImpl.invoke(NativeMethodAccessorImpl.java:39)
	at sun.reflect.DelegatingMethodAccessorImpl.invoke(DelegatingMethodAccessorImpl.java:25)
	at java.lang.reflect.Method.invoke(Method.java:324)
	at junit.framework.TestCase.runTest(TestCase.java:154)
	at junit.framework.TestCase.runBare(TestCase.java:127)
	at junit.framework.TestResult$1.protect(TestResult.java:106)
	at junit.framework.TestResult.runProtected(TestResult.java:124)
	at junit.framework.TestResult.run(TestResult.java:109)
	at junit.framework.TestCase.run(TestCase.java:118)
	at junit.framework.TestSuite.runTest(TestSuite.java:208)
	at junit.framework.TestSuite.run(TestSuite.java:203)
	at sun.reflect.NativeMethodAccessorImpl.invoke0(Native Method)
	at sun.reflect.NativeMethodAccessorImpl.invoke(NativeMethodAccessorImpl.java:39)
	at sun.reflect.DelegatingMethodAccessorImpl.invoke(DelegatingMethodAccessorImpl.java:25)
	at java.lang.reflect.Method.invoke(Method.java:324)
	at org.apache.maven.surefire.battery.JUnitBattery.executeJUnit(JUnitBattery.java:242)
	at org.apache.maven.surefire.battery.JUnitBattery.execute(JUnitBattery.java:216)
	at org.apache.maven.surefire.Surefire.executeBattery(Surefire.java:215)
	at org.apache.maven.surefire.Surefire.run(Surefire.java:163)
	at org.apache.maven.surefire.Surefire.run(Surefire.java:87)
	at sun.reflect.NativeMethodAccessorImpl.invoke0(Native Method)
	at sun.reflect.NativeMethodAccessorImpl.invoke(NativeMethodAccessorImpl.java:39)
	at sun.reflect.DelegatingMethodAccessorImpl.invoke(DelegatingMethodAccessorImpl.java:25)
	at java.lang.reflect.Method.invoke(Method.java:324)
	at org.apache.maven.surefire.SurefireBooter.runTestsInProcess(SurefireBooter.java:285)
	at org.apache.maven.surefire.SurefireBooter.run(SurefireBooter.java:201)
	at org.apache.maven.test.SurefirePlugin.execute(SurefirePlugin.java:366)
	at org.apache.maven.plugin.DefaultPluginManager.executeMojo(DefaultPluginManager.java:415)
	at org.apache.maven.lifecycle.DefaultLifecycleExecutor.executeGoals(DefaultLifecycleExecutor.java:531)
	at org.apache.maven.lifecycle.DefaultLifecycleExecutor.executeGoalWithLifecycle(DefaultLifecycleExecutor.java:472)
	at org.apache.maven.lifecycle.DefaultLifecycleExecutor.executeGoal(DefaultLifecycleExecutor.java:451)
	at org.apache.maven.lifecycle.DefaultLifecycleExecutor.executeGoalAndHandleFailures(DefaultLifecycleExecutor.java:303)
	at org.apache.maven.lifecycle.DefaultLifecycleExecutor.executeTaskSegments(DefaultLifecycleExecutor.java:270)
	at org.apache.maven.lifecycle.DefaultLifecycleExecutor.execute(DefaultLifecycleExecutor.java:139)
	at org.apache.maven.DefaultMaven.doExecute(DefaultMaven.java:322)
	at org.apache.maven.DefaultMaven.execute(DefaultMaven.java:115)
	at org.apache.maven.cli.MavenCli.main(MavenCli.java:249)
	at sun.reflect.NativeMethodAccessorImpl.invoke0(Native Method)
	at sun.reflect.NativeMethodAccessorImpl.invoke(NativeMethodAccessorImpl.java:39)
	at sun.reflect.DelegatingMethodAccessorImpl.invoke(DelegatingMethodAccessorImpl.java:25)
	at java.lang.reflect.Method.invoke(Method.java:324)
	at org.codehaus.classworlds.Launcher.launchEnhanced(Launcher.java:315)
	at org.codehaus.classworlds.Launcher.launch(Launcher.java:255)
	at org.codehaus.classworlds.Launcher.mainWithExitCode(Launcher.java:430)
	at org.codehaus.classworlds.Launcher.main(Launcher.java:375)
</error>
  </testcase>
  <testcase time="0" name="testSessionCloseWithIsOpenCheck">
    <error type="org.hibernate.SessionException" message="Session is closed!">org.hibernate.SessionException: Session is closed!
	at org.hibernate.impl.AbstractSessionImpl.errorIfClosed(AbstractSessionImpl.java:50)
	at org.hibernate.impl.SessionImpl.getTransaction(SessionImpl.java:1297)
	at org.hibernate.context.ThreadLocalSessionContext$TransactionProtectionWrapper.invoke(ThreadLocalSessionContext.java:274)
	at $Proxy1.isOpen(Unknown Source)
	at SessionCloseTest.testSessionCloseWithIsOpenCheck(SessionCloseTest.java:47)
	at sun.reflect.NativeMethodAccessorImpl.invoke0(Native Method)
	at sun.reflect.NativeMethodAccessorImpl.invoke(NativeMethodAccessorImpl.java:39)
	at sun.reflect.DelegatingMethodAccessorImpl.invoke(DelegatingMethodAccessorImpl.java:25)
	at java.lang.reflect.Method.invoke(Method.java:324)
	at junit.framework.TestCase.runTest(TestCase.java:154)
	at junit.framework.TestCase.runBare(TestCase.java:127)
	at junit.framework.TestResult$1.protect(TestResult.java:106)
	at junit.framework.TestResult.runProtected(TestResult.java:124)
	at junit.framework.TestResult.run(TestResult.java:109)
	at junit.framework.TestCase.run(TestCase.java:118)
	at junit.framework.TestSuite.runTest(TestSuite.java:208)
	at junit.framework.TestSuite.run(TestSuite.java:203)
	at sun.reflect.NativeMethodAccessorImpl.invoke0(Native Method)
	at sun.reflect.NativeMethodAccessorImpl.invoke(NativeMethodAccessorImpl.java:39)
	at sun.reflect.DelegatingMethodAccessorImpl.invoke(DelegatingMethodAccessorImpl.java:25)
	at java.lang.reflect.Method.invoke(Method.java:324)
	at org.apache.maven.surefire.battery.JUnitBattery.executeJUnit(JUnitBattery.java:242)
	at org.apache.maven.surefire.battery.JUnitBattery.execute(JUnitBattery.java:216)
	at org.apache.maven.surefire.Surefire.executeBattery(Surefire.java:215)
	at org.apache.maven.surefire.Surefire.run(Surefire.java:163)
	at org.apache.maven.surefire.Surefire.run(Surefire.java:87)
	at sun.reflect.NativeMethodAccessorImpl.invoke0(Native Method)
	at sun.reflect.NativeMethodAccessorImpl.invoke(NativeMethodAccessorImpl.java:39)
	at sun.reflect.DelegatingMethodAccessorImpl.invoke(DelegatingMethodAccessorImpl.java:25)
	at java.lang.reflect.Method.invoke(Method.java:324)
	at org.apache.maven.surefire.SurefireBooter.runTestsInProcess(SurefireBooter.java:285)
	at org.apache.maven.surefire.SurefireBooter.run(SurefireBooter.java:201)
	at org.apache.maven.test.SurefirePlugin.execute(SurefirePlugin.java:366)
	at org.apache.maven.plugin.DefaultPluginManager.executeMojo(DefaultPluginManager.java:415)
	at org.apache.maven.lifecycle.DefaultLifecycleExecutor.executeGoals(DefaultLifecycleExecutor.java:531)
	at org.apache.maven.lifecycle.DefaultLifecycleExecutor.executeGoalWithLifecycle(DefaultLifecycleExecutor.java:472)
	at org.apache.maven.lifecycle.DefaultLifecycleExecutor.executeGoal(DefaultLifecycleExecutor.java:451)
	at org.apache.maven.lifecycle.DefaultLifecycleExecutor.executeGoalAndHandleFailures(DefaultLifecycleExecutor.java:303)
	at org.apache.maven.lifecycle.DefaultLifecycleExecutor.executeTaskSegments(DefaultLifecycleExecutor.java:270)
	at org.apache.maven.lifecycle.DefaultLifecycleExecutor.execute(DefaultLifecycleExecutor.java:139)
	at org.apache.maven.DefaultMaven.doExecute(DefaultMaven.java:322)
	at org.apache.maven.DefaultMaven.execute(DefaultMaven.java:115)
	at org.apache.maven.cli.MavenCli.main(MavenCli.java:249)
	at sun.reflect.NativeMethodAccessorImpl.invoke0(Native Method)
	at sun.reflect.NativeMethodAccessorImpl.invoke(NativeMethodAccessorImpl.java:39)
	at sun.reflect.DelegatingMethodAccessorImpl.invoke(DelegatingMethodAccessorImpl.java:25)
	at java.lang.reflect.Method.invoke(Method.java:324)
	at org.codehaus.classworlds.Launcher.launchEnhanced(Launcher.java:315)
	at org.codehaus.classworlds.Launcher.launch(Launcher.java:255)
	at org.codehaus.classworlds.Launcher.mainWithExitCode(Launcher.java:430)
	at org.codehaus.classworlds.Launcher.main(Launcher.java:375)
</error>
  </testcase>
</testsuite>